src/components/BookStats/index.tsx(18,29): error TS2503: Cannot find namespace 'JSX'.
src/components/NeuralNetwork/index.tsx(21,24): error TS2554: Expected 1 arguments, but got 0.
src/pages/index.tsx(67,33): error TS2503: Cannot find namespace 'JSX'.
